[0623/165817.770:ERROR:process_info.cc(329)] VirtualQueryEx: Access is denied. (0x5)
[0623/165817.784:ERROR:process_info.cc(556)] ReadMemoryInfo failed
[0623/165817.784:ERROR:process_memory_win.cc(39)] Failed to initialize ProcessInfo.
[0623/165817.784:ERROR:scoped_process_suspend.cc(40)] NtResumeProcess: An attempt was made to access an exiting process. (0xc000010a)
[0623/170005.711:ERROR:process_reader_win.cc(151)] SuspendThread: Access is denied. (0x5)
[0623/170005.712:ERROR:exception_snapshot_win.cc(98)] thread ID 7376 not found in process
[0623/170157.348:ERROR:process_reader_win.cc(151)] SuspendThread: Access is denied. (0x5)
[0623/170157.349:ERROR:process_reader_win.cc(151)] SuspendThread: Access is denied. (0x5)
[0623/170157.349:ERROR:process_reader_win.cc(151)] SuspendThread: Access is denied. (0x5)
[0623/170157.349:ERROR:process_reader_win.cc(151)] SuspendThread: Access is denied. (0x5)
[0623/170157.349:ERROR:process_reader_win.cc(151)] SuspendThread: Access is denied. (0x5)
[0623/170157.349:ERROR:process_reader_win.cc(151)] SuspendThread: Access is denied. (0x5)
[0623/170157.349:ERROR:process_reader_win.cc(151)] SuspendThread: Access is denied. (0x5)
[0623/170157.349:ERROR:process_reader_win.cc(151)] SuspendThread: Access is denied. (0x5)
[0623/170157.349:ERROR:process_reader_win.cc(151)] SuspendThread: Access is denied. (0x5)
[0623/170157.349:ERROR:process_reader_win.cc(151)] SuspendThread: Access is denied. (0x5)
[0623/170157.349:ERROR:process_reader_win.cc(151)] SuspendThread: Access is denied. (0x5)
[0623/170157.349:ERROR:process_reader_win.cc(151)] SuspendThread: Access is denied. (0x5)
[0623/170157.350:ERROR:process_reader_win.cc(151)] SuspendThread: Access is denied. (0x5)
[0623/170157.350:ERROR:process_reader_win.cc(151)] SuspendThread: Access is denied. (0x5)
[0623/170157.350:ERROR:exception_snapshot_win.cc(98)] thread ID 4280 not found in process
[0623/170719.210:ERROR:process_info.cc(359)] UncheckedAllocate
[0623/170719.216:ERROR:process_info.cc(359)] UncheckedAllocate
[0623/170719.438:ERROR:process_info.cc(359)] UncheckedAllocate
[0623/174635.688:ERROR:process_info.cc(359)] UncheckedAllocate
[0623/184456.434:ERROR:process_reader_win.cc(188)] ResumeThread: The parameter is incorrect. (0x57)
[0623/184456.436:ERROR:process_reader_win.cc(151)] SuspendThread: Access is denied. (0x5)
[0623/184456.436:ERROR:process_reader_win.cc(151)] SuspendThread: Access is denied. (0x5)
[0623/184456.436:ERROR:process_reader_win.cc(151)] SuspendThread: Access is denied. (0x5)
[0623/184456.436:ERROR:process_reader_win.cc(123)] NtOpenThread: An invalid Client ID was specified. (0xc000000b)
[0623/184456.448:ERROR:process_reader_win.cc(151)] SuspendThread: Access is denied. (0x5)
[0623/184456.448:ERROR:process_reader_win.cc(151)] SuspendThread: Access is denied. (0x5)
[0623/184456.448:ERROR:process_reader_win.cc(151)] SuspendThread: Access is denied. (0x5)
[0623/184456.449:ERROR:process_reader_win.cc(151)] SuspendThread: Access is denied. (0x5)
[0623/184456.449:ERROR:process_reader_win.cc(151)] SuspendThread: Access is denied. (0x5)
[0623/184456.449:ERROR:process_reader_win.cc(151)] SuspendThread: Access is denied. (0x5)
[0623/184456.450:ERROR:process_reader_win.cc(151)] SuspendThread: Access is denied. (0x5)
[0623/184456.450:ERROR:process_reader_win.cc(151)] SuspendThread: Access is denied. (0x5)
[0623/184456.450:ERROR:process_reader_win.cc(151)] SuspendThread: Access is denied. (0x5)
[0623/184456.450:ERROR:exception_snapshot_win.cc(98)] thread ID 3916 not found in process
[0624/104853.495:ERROR:process_reader_win.cc(151)] SuspendThread: Access is denied. (0x5)
[0624/104853.496:ERROR:process_reader_win.cc(151)] SuspendThread: Access is denied. (0x5)
[0624/104853.496:ERROR:process_reader_win.cc(151)] SuspendThread: Access is denied. (0x5)
[0624/104853.498:ERROR:process_reader_win.cc(123)] NtOpenThread: An invalid Client ID was specified. (0xc000000b)
[0624/104853.498:ERROR:process_reader_win.cc(151)] SuspendThread: Access is denied. (0x5)
[0624/104853.498:ERROR:process_reader_win.cc(151)] SuspendThread: Access is denied. (0x5)
[0624/104853.499:ERROR:process_reader_win.cc(151)] SuspendThread: Access is denied. (0x5)
[0624/104853.499:ERROR:process_reader_win.cc(151)] SuspendThread: Access is denied. (0x5)
[0624/104853.499:ERROR:exception_snapshot_win.cc(98)] thread ID 4200 not found in process
[0702/174454.846:ERROR:process_memory_win.cc(73)] ReadMemory at 0x340000 of 65536 bytes failed: Only part of a ReadProcessMemory or WriteProcessMemory request was completed. (0x12B)
[0702/174454.880:ERROR:process_memory_win.cc(73)] ReadMemory at 0x318e000 of 8192 bytes failed: Only part of a ReadProcessMemory or WriteProcessMemory request was completed. (0x12B)
[0702/174454.880:ERROR:process_memory_win.cc(73)] ReadMemory at 0x337b000 of 20480 bytes failed: Only part of a ReadProcessMemory or WriteProcessMemory request was completed. (0x12B)
[0702/174454.880:ERROR:process_memory_win.cc(73)] ReadMemory at 0x363e000 of 8192 bytes failed: Only part of a ReadProcessMemory or WriteProcessMemory request was completed. (0x12B)
[0702/174454.880:ERROR:process_memory_win.cc(73)] ReadMemory at 0x347d000 of 12288 bytes failed: Only part of a ReadProcessMemory or WriteProcessMemory request was completed. (0x12B)
[0702/174454.880:ERROR:process_memory_win.cc(73)] ReadMemory at 0x37cf000 of 4096 bytes failed: Only part of a ReadProcessMemory or WriteProcessMemory request was completed. (0x12B)
[0702/174454.880:ERROR:process_memory_win.cc(73)] ReadMemory at 0x3b1e000 of 8192 bytes failed: Only part of a ReadProcessMemory or WriteProcessMemory request was completed. (0x12B)
[0702/174454.880:ERROR:process_memory_win.cc(73)] ReadMemory at 0x3c9e000 of 8192 bytes failed: Only part of a ReadProcessMemory or WriteProcessMemory request was completed. (0x12B)
[0702/174454.880:ERROR:process_memory_win.cc(73)] ReadMemory at 0x2468d000 of 12288 bytes failed: Only part of a ReadProcessMemory or WriteProcessMemory request was completed. (0x12B)
[0702/174454.881:ERROR:process_memory_win.cc(73)] ReadMemory at 0x248be000 of 8192 bytes failed: Only part of a ReadProcessMemory or WriteProcessMemory request was completed. (0x12B)
[0702/174454.881:ERROR:process_memory_win.cc(73)] ReadMemory at 0x2457b000 of 20480 bytes failed: Only part of a ReadProcessMemory or WriteProcessMemory request was completed. (0x12B)
[0702/174454.881:ERROR:process_memory_win.cc(73)] ReadMemory at 0x24bcb000 of 20480 bytes failed: Only part of a ReadProcessMemory or WriteProcessMemory request was completed. (0x12B)
[0702/174454.881:ERROR:process_memory_win.cc(73)] ReadMemory at 0x25a9d000 of 12288 bytes failed: Only part of a ReadProcessMemory or WriteProcessMemory request was completed. (0x12B)
[0702/174454.881:ERROR:process_memory_win.cc(73)] ReadMemory at 0x2938b000 of 20480 bytes failed: Only part of a ReadProcessMemory or WriteProcessMemory request was completed. (0x12B)
[0702/174454.881:ERROR:process_memory_win.cc(73)] ReadMemory at 0x2953d000 of 12288 bytes failed: Only part of a ReadProcessMemory or WriteProcessMemory request was completed. (0x12B)
[0702/174454.881:ERROR:process_memory_win.cc(73)] ReadMemory at 0xc207f0 of 4998 bytes failed: Only part of a ReadProcessMemory or WriteProcessMemory request was completed. (0x12B)
[0702/174454.881:ERROR:process_memory_win.cc(73)] ReadMemory at 0xc21b80 of 660 bytes failed: Only part of a ReadProcessMemory or WriteProcessMemory request was completed. (0x12B)
[0702/174454.881:ERROR:process_memory_win.cc(73)] ReadMemory at 0xc22020 of 2116 bytes failed: Only part of a ReadProcessMemory or WriteProcessMemory request was completed. (0x12B)
[0702/174454.881:ERROR:process_memory_win.cc(73)] ReadMemory at 0xc22866 of 106 bytes failed: Only part of a ReadProcessMemory or WriteProcessMemory request was completed. (0x12B)
[0702/174454.881:ERROR:process_memory_win.cc(73)] ReadMemory at 0xc228d2 of 1172 bytes failed: Only part of a ReadProcessMemory or WriteProcessMemory request was completed. (0x12B)
[0702/174454.881:ERROR:process_memory_win.cc(73)] ReadMemory at 0xc22d68 of 106 bytes failed: Only part of a ReadProcessMemory or WriteProcessMemory request was completed. (0x12B)
[0702/174454.882:ERROR:process_memory_win.cc(73)] ReadMemory at 0xc22dd4 of 96 bytes failed: Only part of a ReadProcessMemory or WriteProcessMemory request was completed. (0x12B)
[0702/174454.882:ERROR:process_memory_win.cc(73)] ReadMemory at 0xc22e40 of 58 bytes failed: Only part of a ReadProcessMemory or WriteProcessMemory request was completed. (0x12B)
[0702/174454.882:ERROR:process_memory_win.cc(73)] ReadMemory at 0xc22ec0 of 72 bytes failed: Only part of a ReadProcessMemory or WriteProcessMemory request was completed. (0x12B)
[0702/174454.882:ERROR:process_memory_win.cc(73)] ReadMemory at 0xc22f40 of 72 bytes failed: Only part of a ReadProcessMemory or WriteProcessMemory request was completed. (0x12B)
[0702/174454.882:ERROR:process_memory_win.cc(73)] ReadMemory at 0xc22fd4 of 114 bytes failed: Only part of a ReadProcessMemory or WriteProcessMemory request was completed. (0x12B)
[0702/174454.882:ERROR:process_memory_win.cc(73)] ReadMemory at 0xc23270 of 64 bytes failed: Only part of a ReadProcessMemory or WriteProcessMemory request was completed. (0x12B)
[0702/174454.882:ERROR:process_memory_win.cc(73)] ReadMemory at 0xc232c0 of 72 bytes failed: Only part of a ReadProcessMemory or WriteProcessMemory request was completed. (0x12B)
[0702/174454.882:ERROR:process_memory_win.cc(73)] ReadMemory at 0xc23358 of 68 bytes failed: Only part of a ReadProcessMemory or WriteProcessMemory request was completed. (0x12B)
[0702/174454.882:ERROR:process_memory_win.cc(73)] ReadMemory at 0xc233a8 of 72 bytes failed: Only part of a ReadProcessMemory or WriteProcessMemory request was completed. (0x12B)
[0702/174454.882:ERROR:process_memory_win.cc(73)] ReadMemory at 0xc23e40 of 72 bytes failed: Only part of a ReadProcessMemory or WriteProcessMemory request was completed. (0x12B)
[0702/174454.882:ERROR:process_memory_win.cc(73)] ReadMemory at 0xc23fe8 of 142 bytes failed: Only part of a ReadProcessMemory or WriteProcessMemory request was completed. (0x12B)
[0702/174454.882:ERROR:process_memory_win.cc(73)] ReadMemory at 0xc24080 of 72 bytes failed: Only part of a ReadProcessMemory or WriteProcessMemory request was completed. (0x12B)
[0702/174454.882:ERROR:process_memory_win.cc(73)] ReadMemory at 0xc24690 of 60 bytes failed: Only part of a ReadProcessMemory or WriteProcessMemory request was completed. (0x12B)
[0702/174454.882:ERROR:process_memory_win.cc(73)] ReadMemory at 0xc246d8 of 72 bytes failed: Only part of a ReadProcessMemory or WriteProcessMemory request was completed. (0x12B)
[0702/174454.883:ERROR:process_memory_win.cc(73)] ReadMemory at 0xc248b8 of 62 bytes failed: Only part of a ReadProcessMemory or WriteProcessMemory request was completed. (0x12B)
[0702/174454.883:ERROR:process_memory_win.cc(73)] ReadMemory at 0xc3aef8 of 62 bytes failed: Only part of a ReadProcessMemory or WriteProcessMemory request was completed. (0x12B)
[0702/174454.883:ERROR:process_memory_win.cc(73)] ReadMemory at 0xc3af40 of 72 bytes failed: Only part of a ReadProcessMemory or WriteProcessMemory request was completed. (0x12B)
[0702/174454.883:ERROR:process_memory_win.cc(73)] ReadMemory at 0xc3afc0 of 62 bytes failed: Only part of a ReadProcessMemory or WriteProcessMemory request was completed. (0x12B)
[0702/174454.883:ERROR:process_memory_win.cc(73)] ReadMemory at 0xc3b008 of 72 bytes failed: Only part of a ReadProcessMemory or WriteProcessMemory request was completed. (0x12B)
[0702/174454.883:ERROR:process_memory_win.cc(73)] ReadMemory at 0xc3b088 of 54 bytes failed: Only part of a ReadProcessMemory or WriteProcessMemory request was completed. (0x12B)
[0702/174454.883:ERROR:process_memory_win.cc(73)] ReadMemory at 0xc3d310 of 58 bytes failed: Only part of a ReadProcessMemory or WriteProcessMemory request was completed. (0x12B)
[0702/174454.883:ERROR:process_memory_win.cc(73)] ReadMemory at 0xc3d358 of 72 bytes failed: Only part of a ReadProcessMemory or WriteProcessMemory request was completed. (0x12B)
[0702/174454.883:ERROR:process_memory_win.cc(73)] ReadMemory at 0xc3d3d8 of 60 bytes failed: Only part of a ReadProcessMemory or WriteProcessMemory request was completed. (0x12B)
[0702/174454.883:ERROR:process_memory_win.cc(73)] ReadMemory at 0xc3d420 of 72 bytes failed: Only part of a ReadProcessMemory or WriteProcessMemory request was completed. (0x12B)
[0702/174454.883:ERROR:process_memory_win.cc(73)] ReadMemory at 0xc3d4a0 of 72 bytes failed: Only part of a ReadProcessMemory or WriteProcessMemory request was completed. (0x12B)
[0702/174454.883:ERROR:process_memory_win.cc(73)] ReadMemory at 0xc3d520 of 58 bytes failed: Only part of a ReadProcessMemory or WriteProcessMemory request was completed. (0x12B)
[0702/174454.883:ERROR:process_memory_win.cc(73)] ReadMemory at 0xc3d568 of 72 bytes failed: Only part of a ReadProcessMemory or WriteProcessMemory request was completed. (0x12B)
[0702/174454.883:ERROR:process_memory_win.cc(73)] ReadMemory at 0xc3d5e8 of 58 bytes failed: Only part of a ReadProcessMemory or WriteProcessMemory request was completed. (0x12B)
[0702/174454.884:ERROR:process_memory_win.cc(73)] ReadMemory at 0xc3d630 of 72 bytes failed: Only part of a ReadProcessMemory or WriteProcessMemory request was completed. (0x12B)
[0702/174454.884:ERROR:process_memory_win.cc(73)] ReadMemory at 0xc3d810 of 58 bytes failed: Only part of a ReadProcessMemory or WriteProcessMemory request was completed. (0x12B)
[0702/174454.884:ERROR:process_memory_win.cc(73)] ReadMemory at 0xc3d858 of 72 bytes failed: Only part of a ReadProcessMemory or WriteProcessMemory request was completed. (0x12B)
[0702/174454.884:ERROR:process_memory_win.cc(73)] ReadMemory at 0xc3f540 of 72 bytes failed: Only part of a ReadProcessMemory or WriteProcessMemory request was completed. (0x12B)
[0702/174454.884:ERROR:process_memory_win.cc(73)] ReadMemory at 0xc3f6f8 of 64 bytes failed: Only part of a ReadProcessMemory or WriteProcessMemory request was completed. (0x12B)
[0702/174454.884:ERROR:process_memory_win.cc(73)] ReadMemory at 0xc3f748 of 72 bytes failed: Only part of a ReadProcessMemory or WriteProcessMemory request was completed. (0x12B)
[0702/174454.884:ERROR:process_memory_win.cc(73)] ReadMemory at 0xc3f7c8 of 54 bytes failed: Only part of a ReadProcessMemory or WriteProcessMemory request was completed. (0x12B)
[0702/174454.884:ERROR:process_memory_win.cc(73)] ReadMemory at 0xc3f808 of 58 bytes failed: Only part of a ReadProcessMemory or WriteProcessMemory request was completed. (0x12B)
[0702/174454.884:ERROR:process_memory_win.cc(73)] ReadMemory at 0xc3f850 of 60 bytes failed: Only part of a ReadProcessMemory or WriteProcessMemory request was completed. (0x12B)
[0702/174454.884:ERROR:process_memory_win.cc(73)] ReadMemory at 0xc3f9d0 of 60 bytes failed: Only part of a ReadProcessMemory or WriteProcessMemory request was completed. (0x12B)
[0702/174454.884:ERROR:process_memory_win.cc(73)] ReadMemory at 0xc3fa18 of 64 bytes failed: Only part of a ReadProcessMemory or WriteProcessMemory request was completed. (0x12B)
[0702/174454.884:ERROR:process_memory_win.cc(73)] ReadMemory at 0xc3fa78 of 62 bytes failed: Only part of a ReadProcessMemory or WriteProcessMemory request was completed. (0x12B)
[0702/174454.884:ERROR:process_memory_win.cc(73)] ReadMemory at 0xc3fad8 of 72 bytes failed: Only part of a ReadProcessMemory or WriteProcessMemory request was completed. (0x12B)
[0702/174454.884:ERROR:process_memory_win.cc(73)] ReadMemory at 0xc3fb58 of 72 bytes failed: Only part of a ReadProcessMemory or WriteProcessMemory request was completed. (0x12B)
[0702/174454.884:ERROR:process_memory_win.cc(73)] ReadMemory at 0xc3fbd8 of 72 bytes failed: Only part of a ReadProcessMemory or WriteProcessMemory request was completed. (0x12B)
[0702/174454.885:ERROR:process_memory_win.cc(73)] ReadMemory at 0xc3fc58 of 72 bytes failed: Only part of a ReadProcessMemory or WriteProcessMemory request was completed. (0x12B)
[0702/174454.885:ERROR:process_memory_win.cc(73)] ReadMemory at 0xc3fcd8 of 72 bytes failed: Only part of a ReadProcessMemory or WriteProcessMemory request was completed. (0x12B)
[0702/174454.885:ERROR:process_memory_win.cc(73)] ReadMemory at 0xc3fd58 of 72 bytes failed: Only part of a ReadProcessMemory or WriteProcessMemory request was completed. (0x12B)
[0702/174454.885:ERROR:process_memory_win.cc(73)] ReadMemory at 0xc3fdd8 of 72 bytes failed: Only part of a ReadProcessMemory or WriteProcessMemory request was completed. (0x12B)
[0702/174454.885:ERROR:process_memory_win.cc(73)] ReadMemory at 0xc3fe58 of 72 bytes failed: Only part of a ReadProcessMemory or WriteProcessMemory request was completed. (0x12B)
[0702/174454.885:ERROR:process_memory_win.cc(73)] ReadMemory at 0xc3fed8 of 72 bytes failed: Only part of a ReadProcessMemory or WriteProcessMemory request was completed. (0x12B)
[0702/174454.885:ERROR:process_memory_win.cc(73)] ReadMemory at 0xc3ff58 of 72 bytes failed: Only part of a ReadProcessMemory or WriteProcessMemory request was completed. (0x12B)
[0702/174454.885:ERROR:process_memory_win.cc(73)] ReadMemory at 0xc3ffd8 of 72 bytes failed: Only part of a ReadProcessMemory or WriteProcessMemory request was completed. (0x12B)
[0702/174454.885:ERROR:process_memory_win.cc(73)] ReadMemory at 0xc40058 of 72 bytes failed: Only part of a ReadProcessMemory or WriteProcessMemory request was completed. (0x12B)
[0702/174454.885:ERROR:process_memory_win.cc(73)] ReadMemory at 0xc400d8 of 72 bytes failed: Only part of a ReadProcessMemory or WriteProcessMemory request was completed. (0x12B)
[0702/174454.885:ERROR:process_memory_win.cc(73)] ReadMemory at 0xc40158 of 72 bytes failed: Only part of a ReadProcessMemory or WriteProcessMemory request was completed. (0x12B)
[0702/174454.885:ERROR:process_memory_win.cc(73)] ReadMemory at 0xc401d8 of 72 bytes failed: Only part of a ReadProcessMemory or WriteProcessMemory request was completed. (0x12B)
[0702/174454.885:ERROR:process_memory_win.cc(73)] ReadMemory at 0xc40258 of 72 bytes failed: Only part of a ReadProcessMemory or WriteProcessMemory request was completed. (0x12B)
[0702/174454.885:ERROR:process_memory_win.cc(73)] ReadMemory at 0xc402d8 of 72 bytes failed: Only part of a ReadProcessMemory or WriteProcessMemory request was completed. (0x12B)
[0702/174454.885:ERROR:process_memory_win.cc(73)] ReadMemory at 0xc40358 of 72 bytes failed: Only part of a ReadProcessMemory or WriteProcessMemory request was completed. (0x12B)
[0702/174454.886:ERROR:process_memory_win.cc(73)] ReadMemory at 0xc403d8 of 72 bytes failed: Only part of a ReadProcessMemory or WriteProcessMemory request was completed. (0x12B)
[0702/174454.886:ERROR:process_memory_win.cc(73)] ReadMemory at 0xc40458 of 72 bytes failed: Only part of a ReadProcessMemory or WriteProcessMemory request was completed. (0x12B)
[0702/174454.886:ERROR:process_memory_win.cc(73)] ReadMemory at 0xc404d8 of 72 bytes failed: Only part of a ReadProcessMemory or WriteProcessMemory request was completed. (0x12B)
[0702/174454.886:ERROR:process_memory_win.cc(73)] ReadMemory at 0xc40558 of 72 bytes failed: Only part of a ReadProcessMemory or WriteProcessMemory request was completed. (0x12B)
[0702/174454.886:ERROR:process_memory_win.cc(73)] ReadMemory at 0xc405d8 of 72 bytes failed: Only part of a ReadProcessMemory or WriteProcessMemory request was completed. (0x12B)
[0702/174454.886:ERROR:process_memory_win.cc(73)] ReadMemory at 0xc40658 of 72 bytes failed: Only part of a ReadProcessMemory or WriteProcessMemory request was completed. (0x12B)
[0702/174454.886:ERROR:process_memory_win.cc(73)] ReadMemory at 0xc406d8 of 72 bytes failed: Only part of a ReadProcessMemory or WriteProcessMemory request was completed. (0x12B)
[0702/174454.886:ERROR:process_memory_win.cc(73)] ReadMemory at 0xc407d8 of 72 bytes failed: Only part of a ReadProcessMemory or WriteProcessMemory request was completed. (0x12B)
[0702/174454.886:ERROR:process_memory_win.cc(73)] ReadMemory at 0xc42c68 of 64 bytes failed: Only part of a ReadProcessMemory or WriteProcessMemory request was completed. (0x12B)
[0702/174454.886:ERROR:process_memory_win.cc(73)] ReadMemory at 0xc42cb8 of 64 bytes failed: Only part of a ReadProcessMemory or WriteProcessMemory request was completed. (0x12B)
[0702/174454.886:ERROR:process_memory_win.cc(73)] ReadMemory at 0xc42d08 of 60 bytes failed: Only part of a ReadProcessMemory or WriteProcessMemory request was completed. (0x12B)
[0702/174454.886:ERROR:process_memory_win.cc(73)] ReadMemory at 0xc42e00 of 80 bytes failed: Only part of a ReadProcessMemory or WriteProcessMemory request was completed. (0x12B)
[0702/174454.886:ERROR:process_memory_win.cc(73)] ReadMemory at 0xc42e90 of 134 bytes failed: Only part of a ReadProcessMemory or WriteProcessMemory request was completed. (0x12B)
[0702/174454.886:ERROR:process_memory_win.cc(73)] ReadMemory at 0xc43338 of 58 bytes failed: Only part of a ReadProcessMemory or WriteProcessMemory request was completed. (0x12B)
[0702/174454.886:ERROR:process_memory_win.cc(73)] ReadMemory at 0xc43380 of 62 bytes failed: Only part of a ReadProcessMemory or WriteProcessMemory request was completed. (0x12B)
[0702/174454.886:ERROR:process_memory_win.cc(73)] ReadMemory at 0xc433c8 of 62 bytes failed: Only part of a ReadProcessMemory or WriteProcessMemory request was completed. (0x12B)
[0702/174454.886:ERROR:process_memory_win.cc(73)] ReadMemory at 0xc43410 of 62 bytes failed: Only part of a ReadProcessMemory or WriteProcessMemory request was completed. (0x12B)
[0702/174454.887:ERROR:process_memory_win.cc(73)] ReadMemory at 0xc43458 of 62 bytes failed: Only part of a ReadProcessMemory or WriteProcessMemory request was completed. (0x12B)
[0702/174454.887:ERROR:process_memory_win.cc(73)] ReadMemory at 0xc434a0 of 62 bytes failed: Only part of a ReadProcessMemory or WriteProcessMemory request was completed. (0x12B)
[0702/174454.887:ERROR:process_memory_win.cc(73)] ReadMemory at 0xc434e8 of 60 bytes failed: Only part of a ReadProcessMemory or WriteProcessMemory request was completed. (0x12B)
[0702/174454.887:ERROR:process_memory_win.cc(73)] ReadMemory at 0xc43530 of 58 bytes failed: Only part of a ReadProcessMemory or WriteProcessMemory request was completed. (0x12B)
[0702/174454.887:ERROR:process_memory_win.cc(73)] ReadMemory at 0xc43578 of 60 bytes failed: Only part of a ReadProcessMemory or WriteProcessMemory request was completed. (0x12B)
[0702/174454.887:ERROR:process_memory_win.cc(73)] ReadMemory at 0xc435c0 of 60 bytes failed: Only part of a ReadProcessMemory or WriteProcessMemory request was completed. (0x12B)
[0702/174454.887:ERROR:process_memory_win.cc(73)] ReadMemory at 0xc43608 of 62 bytes failed: Only part of a ReadProcessMemory or WriteProcessMemory request was completed. (0x12B)
[0702/174454.887:ERROR:process_memory_win.cc(73)] ReadMemory at 0xc43650 of 62 bytes failed: Only part of a ReadProcessMemory or WriteProcessMemory request was completed. (0x12B)
[0702/174454.887:ERROR:process_memory_win.cc(73)] ReadMemory at 0xc43698 of 58 bytes failed: Only part of a ReadProcessMemory or WriteProcessMemory request was completed. (0x12B)
[0702/174454.887:ERROR:process_memory_win.cc(73)] ReadMemory at 0xc44d48 of 64 bytes failed: Only part of a ReadProcessMemory or WriteProcessMemory request was completed. (0x12B)
[0702/174454.887:ERROR:process_memory_win.cc(73)] ReadMemory at 0xc44d98 of 64 bytes failed: Only part of a ReadProcessMemory or WriteProcessMemory request was completed. (0x12B)
[0702/174454.887:ERROR:process_memory_win.cc(73)] ReadMemory at 0xc46aa0 of 66 bytes failed: Only part of a ReadProcessMemory or WriteProcessMemory request was completed. (0x12B)
[0702/174454.887:ERROR:process_memory_win.cc(73)] ReadMemory at 0xc52380 of 512 bytes failed: Only part of a ReadProcessMemory or WriteProcessMemory request was completed. (0x12B)
[0702/174454.888:ERROR:process_memory_win.cc(73)] ReadMemory at 0xc52f20 of 512 bytes failed: Only part of a ReadProcessMemory or WriteProcessMemory request was completed. (0x12B)
[0702/174454.888:ERROR:process_memory_win.cc(73)] ReadMemory at 0xd8fa28 of 528 bytes failed: Only part of a ReadProcessMemory or WriteProcessMemory request was completed. (0x12B)
[0702/174454.888:ERROR:process_memory_win.cc(73)] ReadMemory at 0xd8fd80 of 636 bytes failed: Only part of a ReadProcessMemory or WriteProcessMemory request was completed. (0x12B)
[0702/174454.888:ERROR:process_memory_win.cc(73)] ReadMemory at 0x2c83a6c of 512 bytes failed: Only part of a ReadProcessMemory or WriteProcessMemory request was completed. (0x12B)
[0702/174454.888:ERROR:process_memory_win.cc(73)] ReadMemory at 0x2c8ef68 of 536 bytes failed: Only part of a ReadProcessMemory or WriteProcessMemory request was completed. (0x12B)
[0702/174454.888:ERROR:process_memory_win.cc(73)] ReadMemory at 0x2ca0988 of 512 bytes failed: Only part of a ReadProcessMemory or WriteProcessMemory request was completed. (0x12B)
[0702/174454.888:ERROR:process_memory_win.cc(73)] ReadMemory at 0x2ca9140 of 512 bytes failed: Only part of a ReadProcessMemory or WriteProcessMemory request was completed. (0x12B)
[0702/174454.888:ERROR:process_memory_win.cc(73)] ReadMemory at 0x2caa9c0 of 512 bytes failed: Only part of a ReadProcessMemory or WriteProcessMemory request was completed. (0x12B)
[0702/174454.888:ERROR:process_memory_win.cc(73)] ReadMemory at 0x2cd7918 of 512 bytes failed: Only part of a ReadProcessMemory or WriteProcessMemory request was completed. (0x12B)
[0702/174454.888:ERROR:process_memory_win.cc(73)] ReadMemory at 0x26310718 of 512 bytes failed: Only part of a ReadProcessMemory or WriteProcessMemory request was completed. (0x12B)
[0702/174454.888:ERROR:process_memory_win.cc(73)] ReadMemory at 0x627379fb of 512 bytes failed: Only part of a ReadProcessMemory or WriteProcessMemory request was completed. (0x12B)
[0702/174454.889:ERROR:process_memory_win.cc(73)] ReadMemory at 0x62f0cbb0 of 512 bytes failed: Only part of a ReadProcessMemory or WriteProcessMemory request was completed. (0x12B)
[0702/174454.889:ERROR:process_memory_win.cc(73)] ReadMemory at 0x631b2c2c of 512 bytes failed: Only part of a ReadProcessMemory or WriteProcessMemory request was completed. (0x12B)
[0702/174454.889:ERROR:process_memory_win.cc(73)] ReadMemory at 0x75b195f3 of 512 bytes failed: Only part of a ReadProcessMemory or WriteProcessMemory request was completed. (0x12B)
[0702/174454.889:ERROR:process_memory_win.cc(73)] ReadMemory at 0x75e51082 of 512 bytes failed: Only part of a ReadProcessMemory or WriteProcessMemory request was completed. (0x12B)
[0702/174454.889:ERROR:process_memory_win.cc(73)] ReadMemory at 0x778bd5be of 512 bytes failed: Only part of a ReadProcessMemory or WriteProcessMemory request was completed. (0x12B)
[0702/174454.889:ERROR:process_memory_win.cc(73)] ReadMemory at 0x778bed7b of 897 bytes failed: Only part of a ReadProcessMemory or WriteProcessMemory request was completed. (0x12B)
[0702/174454.889:ERROR:process_memory_win.cc(73)] ReadMemory at 0x778d6474 of 512 bytes failed: Only part of a ReadProcessMemory or WriteProcessMemory request was completed. (0x12B)
[0702/174454.889:ERROR:process_memory_win.cc(73)] ReadMemory at 0x778fd4cc of 18 bytes failed: Only part of a ReadProcessMemory or WriteProcessMemory request was completed. (0x12B)
[0702/174454.889:ERROR:process_memory_win.cc(73)] ReadMemory at 0x779059c5 of 512 bytes failed: Only part of a ReadProcessMemory or WriteProcessMemory request was completed. (0x12B)
[0702/174454.889:ERROR:process_memory_win.cc(73)] ReadMemory at 0x77967340 of 24 bytes failed: Only part of a ReadProcessMemory or WriteProcessMemory request was completed. (0x12B)
[0702/174454.889:ERROR:process_memory_win.cc(73)] ReadMemory at 0x77967540 of 32 bytes failed: Only part of a ReadProcessMemory or WriteProcessMemory request was completed. (0x12B)
[0702/174454.889:ERROR:process_memory_win.cc(73)] ReadMemory at 0x77967880 of 36 bytes failed: Only part of a ReadProcessMemory or WriteProcessMemory request was completed. (0x12B)
[0702/174454.889:ERROR:process_memory_win.cc(73)] ReadMemory at 0x7ffac000 of 3992 bytes failed: Only part of a ReadProcessMemory or WriteProcessMemory request was completed. (0x12B)
[0702/174454.889:ERROR:process_memory_win.cc(73)] ReadMemory at 0x7ffad000 of 3992 bytes failed: Only part of a ReadProcessMemory or WriteProcessMemory request was completed. (0x12B)
[0702/174454.889:ERROR:process_memory_win.cc(73)] ReadMemory at 0x7ffae000 of 3992 bytes failed: Only part of a ReadProcessMemory or WriteProcessMemory request was completed. (0x12B)
[0702/174454.890:ERROR:process_memory_win.cc(73)] ReadMemory at 0x7ffd3000 of 3992 bytes failed: Only part of a ReadProcessMemory or WriteProcessMemory request was completed. (0x12B)
[0702/174454.890:ERROR:process_memory_win.cc(73)] ReadMemory at 0x7ffd4000 of 3992 bytes failed: Only part of a ReadProcessMemory or WriteProcessMemory request was completed. (0x12B)
[0702/174454.890:ERROR:process_memory_win.cc(73)] ReadMemory at 0x7ffd5000 of 3992 bytes failed: Only part of a ReadProcessMemory or WriteProcessMemory request was completed. (0x12B)
[0702/174454.890:ERROR:process_memory_win.cc(73)] ReadMemory at 0x7ffd6000 of 3992 bytes failed: Only part of a ReadProcessMemory or WriteProcessMemory request was completed. (0x12B)
[0702/174454.890:ERROR:process_memory_win.cc(73)] ReadMemory at 0x7ffd7000 of 3992 bytes failed: Only part of a ReadProcessMemory or WriteProcessMemory request was completed. (0x12B)
[0702/174454.890:ERROR:process_memory_win.cc(73)] ReadMemory at 0x7ffd8000 of 3992 bytes failed: Only part of a ReadProcessMemory or WriteProcessMemory request was completed. (0x12B)
[0702/174454.890:ERROR:process_memory_win.cc(73)] ReadMemory at 0x7ffd9000 of 3992 bytes failed: Only part of a ReadProcessMemory or WriteProcessMemory request was completed. (0x12B)
[0702/174454.890:ERROR:process_memory_win.cc(73)] ReadMemory at 0x7ffda000 of 3992 bytes failed: Only part of a ReadProcessMemory or WriteProcessMemory request was completed. (0x12B)
[0702/174454.890:ERROR:process_memory_win.cc(73)] ReadMemory at 0x7ffdb000 of 3992 bytes failed: Only part of a ReadProcessMemory or WriteProcessMemory request was completed. (0x12B)
[0702/174454.890:ERROR:process_memory_win.cc(73)] ReadMemory at 0x7ffdc000 of 560 bytes failed: Only part of a ReadProcessMemory or WriteProcessMemory request was completed. (0x12B)
[0702/174454.890:ERROR:process_memory_win.cc(73)] ReadMemory at 0x7ffdd000 of 3992 bytes failed: Only part of a ReadProcessMemory or WriteProcessMemory request was completed. (0x12B)
[0702/174454.890:ERROR:process_memory_win.cc(73)] ReadMemory at 0x7ffde000 of 3992 bytes failed: Only part of a ReadProcessMemory or WriteProcessMemory request was completed. (0x12B)
[0702/174454.891:ERROR:process_memory_win.cc(73)] ReadMemory at 0x7ffdf000 of 3992 bytes failed: Only part of a ReadProcessMemory or WriteProcessMemory request was completed. (0x12B)
[0702/174454.892:ERROR:scoped_process_suspend.cc(40)] NtResumeProcess: An attempt was made to access an exiting process. (0xc000010a)
[0702/180004.616:ERROR:process_reader_win.cc(188)] ResumeThread: The parameter is incorrect. (0x57)
[0702/180004.617:ERROR:process_reader_win.cc(151)] SuspendThread: Access is denied. (0x5)
[0702/180004.617:ERROR:process_reader_win.cc(151)] SuspendThread: Access is denied. (0x5)
[0702/180004.617:ERROR:process_reader_win.cc(151)] SuspendThread: Access is denied. (0x5)
[0702/180004.617:ERROR:process_reader_win.cc(151)] SuspendThread: Access is denied. (0x5)
[0702/180004.617:ERROR:process_reader_win.cc(151)] SuspendThread: Access is denied. (0x5)
[0702/181029.646:ERROR:process_reader_win.cc(188)] ResumeThread: The parameter is incorrect. (0x57)
[0702/181029.647:ERROR:process_reader_win.cc(151)] SuspendThread: Access is denied. (0x5)
[0702/181029.647:ERROR:process_reader_win.cc(151)] SuspendThread: Access is denied. (0x5)
[0702/181029.647:ERROR:process_reader_win.cc(151)] SuspendThread: Access is denied. (0x5)
[0702/181029.647:ERROR:process_reader_win.cc(151)] SuspendThread: Access is denied. (0x5)
[0702/181029.647:ERROR:process_reader_win.cc(151)] SuspendThread: Access is denied. (0x5)
[0702/181029.647:ERROR:process_reader_win.cc(151)] SuspendThread: Access is denied. (0x5)
[0702/181029.647:ERROR:process_reader_win.cc(151)] SuspendThread: Access is denied. (0x5)
[0702/181029.647:ERROR:exception_snapshot_win.cc(98)] thread ID 7576 not found in process
[0702/181032.637:ERROR:process_reader_win.cc(151)] SuspendThread: Access is denied. (0x5)
[0702/181032.639:ERROR:process_reader_win.cc(151)] SuspendThread: Access is denied. (0x5)
[0702/181032.639:ERROR:process_reader_win.cc(151)] SuspendThread: Access is denied. (0x5)
[0702/181032.639:ERROR:process_reader_win.cc(151)] SuspendThread: Access is denied. (0x5)
[0702/181032.639:ERROR:process_reader_win.cc(151)] SuspendThread: Access is denied. (0x5)
[0702/181032.639:ERROR:process_reader_win.cc(151)] SuspendThread: Access is denied. (0x5)
[0702/181032.639:ERROR:process_reader_win.cc(151)] SuspendThread: Access is denied. (0x5)
[0702/181032.639:ERROR:process_reader_win.cc(151)] SuspendThread: Access is denied. (0x5)
[0702/181032.639:ERROR:process_reader_win.cc(151)] SuspendThread: Access is denied. (0x5)
[0702/181032.639:ERROR:process_reader_win.cc(151)] SuspendThread: Access is denied. (0x5)
[0702/181032.639:ERROR:process_reader_win.cc(151)] SuspendThread: Access is denied. (0x5)
[0702/181032.639:ERROR:process_reader_win.cc(151)] SuspendThread: Access is denied. (0x5)
[0702/181032.639:ERROR:process_reader_win.cc(151)] SuspendThread: Access is denied. (0x5)
[0702/181032.639:ERROR:process_reader_win.cc(151)] SuspendThread: Access is denied. (0x5)
[0702/181032.639:ERROR:process_reader_win.cc(151)] SuspendThread: Access is denied. (0x5)
[0702/181032.639:ERROR:exception_snapshot_win.cc(98)] thread ID 5556 not found in process
[0702/181356.133:ERROR:process_reader_win.cc(188)] ResumeThread: The parameter is incorrect. (0x57)
[0702/181356.133:ERROR:process_reader_win.cc(151)] SuspendThread: Access is denied. (0x5)
[0702/181356.133:ERROR:process_reader_win.cc(151)] SuspendThread: Access is denied. (0x5)
[0702/181356.133:ERROR:process_reader_win.cc(123)] NtOpenThread: An invalid Client ID was specified. (0xc000000b)
[0702/181356.145:ERROR:process_reader_win.cc(151)] SuspendThread: Access is denied. (0x5)
[0702/181356.145:ERROR:process_reader_win.cc(151)] SuspendThread: Access is denied. (0x5)
[0702/181356.145:ERROR:process_reader_win.cc(151)] SuspendThread: Access is denied. (0x5)
[0702/181356.145:ERROR:process_reader_win.cc(151)] SuspendThread: Access is denied. (0x5)
[0702/181356.145:ERROR:process_reader_win.cc(151)] SuspendThread: Access is denied. (0x5)
[0702/181356.145:ERROR:process_reader_win.cc(151)] SuspendThread: Access is denied. (0x5)
[0702/181356.145:ERROR:process_reader_win.cc(151)] SuspendThread: Access is denied. (0x5)
[0702/181356.145:ERROR:process_reader_win.cc(151)] SuspendThread: Access is denied. (0x5)
[0702/181356.145:ERROR:process_reader_win.cc(151)] SuspendThread: Access is denied. (0x5)
[0702/181356.145:ERROR:process_reader_win.cc(151)] SuspendThread: Access is denied. (0x5)
[0702/181356.146:ERROR:exception_snapshot_win.cc(98)] thread ID 5376 not found in process
[0702/182205.022:ERROR:process_reader_win.cc(188)] ResumeThread: The parameter is incorrect. (0x57)
[0702/182205.023:ERROR:process_reader_win.cc(151)] SuspendThread: Access is denied. (0x5)
[0702/182205.023:ERROR:process_reader_win.cc(151)] SuspendThread: Access is denied. (0x5)
[0702/182205.023:ERROR:process_reader_win.cc(151)] SuspendThread: Access is denied. (0x5)
[0702/182205.023:ERROR:process_reader_win.cc(151)] SuspendThread: Access is denied. (0x5)
[0702/182205.023:ERROR:process_reader_win.cc(123)] NtOpenThread: An invalid Client ID was specified. (0xc000000b)
[0702/182205.023:ERROR:process_reader_win.cc(151)] SuspendThread: Access is denied. (0x5)
[0702/182205.023:ERROR:process_reader_win.cc(151)] SuspendThread: Access is denied. (0x5)
[0702/182205.023:ERROR:process_reader_win.cc(151)] SuspendThread: Access is denied. (0x5)
[0702/182205.023:ERROR:process_reader_win.cc(151)] SuspendThread: Access is denied. (0x5)
[0702/182205.023:ERROR:process_reader_win.cc(151)] SuspendThread: Access is denied. (0x5)
[0702/182205.023:ERROR:process_reader_win.cc(151)] SuspendThread: Access is denied. (0x5)
[0702/182205.023:ERROR:process_reader_win.cc(151)] SuspendThread: Access is denied. (0x5)
[0702/182205.024:ERROR:process_reader_win.cc(151)] SuspendThread: Access is denied. (0x5)
[0702/182205.024:ERROR:process_reader_win.cc(151)] SuspendThread: Access is denied. (0x5)
[0702/182205.024:ERROR:process_reader_win.cc(151)] SuspendThread: Access is denied. (0x5)
[0702/182205.024:ERROR:process_reader_win.cc(151)] SuspendThread: Access is denied. (0x5)
[0702/182205.024:ERROR:exception_snapshot_win.cc(98)] thread ID 6708 not found in process
